remote: Updated 26 paths from 3c1192f        
remote: Compressing source files... done.        
remote: Building source:        
remote: 
remote: -----> Building on the Heroku-24 stack        
remote: -----> Using buildpack: heroku/python        
remote: -----> Python app detected        
remote: -----> No Python version was specified. Using the same major version as the last build: Python 3.13        
remote: 
remote: [1;33m !     Warning: No Python version was specified.[0m        
remote: [1;33m !     [0m        
remote: [1;33m !     Your app doesn't specify a Python version and so the buildpack[0m        
remote: [1;33m !     picked a default version for you.[0m        
remote: [1;33m !     [0m        
remote: [1;33m !     Relying on this default version isn't recommended, since it[0m        
remote: [1;33m !     can change over time and may not be consistent with your local[0m        
remote: [1;33m !     development environment, CI or other instances of your app.[0m        
remote: [1;33m !     [0m        
remote: [1;33m !     Please configure an explicit Python version for your app.[0m        
remote: [1;33m !     [0m        
remote: [1;33m !     Create a new file in the root directory of your app named:[0m        
remote: [1;33m !     .python-version[0m        
remote: [1;33m !     [0m        
remote: [1;33m !     Make sure to include the '.' character at the start of the[0m        
remote: ^[[1;33m !     filename. Don't add a file extension such as '.txt'.[0m        
remote: [1;33m !     [0m        
remote: [1;33m !     In the new file, specify your app's major Python version number[0m        
remote: [1;33m !     only. Don't include quotes or a 'python-' prefix.[0m        
remote: [1;33m !     [0m        
remote: ^[[1;33m !     For example, to request the latest version of Python 3.13,[0m        
remote: [1;33m !     update your .python-version file so it contains exactly:[0m        
remote: [1;33m !     3.13[0m        
remote: [1;33m !     [0m        
remote: [1;33m !     We strongly recommend that you don't specify the Python patch[0m        
remote: [1;33m !     version number, since it will pin your app to an exact Python[0m        
remote: [1;33m !     version and so stop your app from receiving security updates[0m        
remote: [1;33m !     each time it builds.[0m        
remote: [1;33m !     [0m        
remote: [1;33m !     If your app already has a .python-version file, check that it:[0m        
remote: [1;33m !     [0m        
remote: [1;33m !     1. Is in the top level directory (not a subdirectory).[0m        
remote: [1;33m !     2. Is named exactly '.python-version' in all lowercase.[0m        
remote: [1;33m !     3. Isn't listed in '.gitignore' or '.slugignore'.[0m        
remote: [1;33m !     4. Has been added to the Git repository using 'git add --all'[0m        
remote: [1;33m !        and then committed using 'git commit'.[0m        
remote: [1;33m !     [0m        
remote: [1;33m !     In the future we will require the use of a .python-version[0m        
remote: [1;33m !     file and this warning will be made an error.[0m        
remote: 
remote: -----> Restoring cache        
remote: -----> Using cached install of Python 3.13.9        
remote: -----> Installing pip 25.2        
remote: -----> Installing dependencies using 'pip install -r requirements.txt'        
remote:        Requirement already satisfied: Django<5,>=4.2 (from -r requirements.txt (line 1)) (4.2.25)        
remote:        Requirement already satisfied: gunicorn (from -r requirements.txt (line 2)) (23.0.0)        
remote:        Requirement already satisfied: dj-database-url (from -r requirements.txt (line 3)) (3.0.1)        
remote:        Requirement already satisfied: psycopg2-binary (from -r requirements.txt (line 4)) (2.9.11)        
remote:        Requirement already satisfied: whitenoise (from -r requirements.txt (line 5)) (6.11.0)        
remote:        Requirement already satisfied: djangorestframework (from -r requirements.txt (line 6)) (3.16.1)        
remote:        Requirement already satisfied: asgiref<4,>=3.6.0 (from Django<5,>=4.2->-r requirements.txt (line 1)) (3.10.0)        
remote:        Requirement already satisfied: sqlparse>=0.3.1 (from Django<5,>=4.2->-r requirements.txt (line 1)) (0.5.3)        
remote:        Requirement already satisfied: packaging (from gunicorn->-r requirements.txt (line 2)) (25.0)        
remote: -----> $ python manage.py collectstatic --noinput        
remote:                
remote:        161 static files copied to '/tmp/build_17d41af8/staticfiles'.        
remote: 
remote: -----> Saving cache        
remote: -----> Discovering process types        
remote:        Procfile declares types -> web        
remote: 
remote: -----> Compressing...        
remote:        Done: 30.4M        
remote: -----> Launching...        
remote:        Released v35        
remote:        https://adventurers-guild-backend-76688da2a54c.herokuapp.com/ deployed to Heroku        
remote: 
remote: Verifying deploy... done.        
To https://git.heroku.com/adventurers-guild-backend.git
   f511a5e..b40cb05  deploy-backend -> main
